1
0
1
ASSEMBLY
1
PART-1-1
PART-1
1
PART-1-1
14
-2147483646
0
48 1 16 5 0 1 0 -1 -1 926 1 -1879048189 1 926 
14
48 1 16 5 0 1 0 -1 -1 926 1 -1879048189 1 926 
0
1
PART-1-1
14
-2147483646
0
48 1 16 5 0 1 0 -1 -1 863 1 -1879048189 1 863 
14
48 1 16 5 0 1 0 -1 -1 863 1 -1879048189 1 863 
0
0
1
PART-1-1
1
SET-1
0
1
14
-2147483647
48 1 16 5 0 1 0 -1 -1 863 1 -1879048189 1 863 
0
0
0
67
SET-1
0
1
0
1
PART-1-1
65
2 3 4 6 7 24 25 26 27 28 29 30 31 32 33 34 35 36 37 38 84 85 86 87 88 89 90 91 92 93 94 95 96 97 98 99 100 101 102 103 104 105 106 107 108 109 110 111 112 113 114 115 116 117 118 119 120 121 122 123 124 125 126 127 128 
0
_PICKEDSET10
0
2
0
1
PART-1-1
1
7 
0
_PICKEDSET11
0
2
0
1
PART-1-1
1
24 
0
_PICKEDSET12
0
2
0
1
PART-1-1
1
25 
0
_PICKEDSET13
0
2
0
1
PART-1-1
1
26 
0
_PICKEDSET14
0
2
0
1
PART-1-1
1
27 
0
_PICKEDSET15
0
2
0
1
PART-1-1
1
28 
0
_PICKEDSET16
0
2
0
1
PART-1-1
1
29 
0
_PICKEDSET17
0
2
0
1
PART-1-1
1
30 
0
_PICKEDSET18
0
2
0
1
PART-1-1
1
31 
0
_PICKEDSET19
0
2
0
1
PART-1-1
1
32 
0
_PICKEDSET20
0
2
0
1
PART-1-1
1
33 
0
_PICKEDSET21
0
2
0
1
PART-1-1
1
34 
0
_PICKEDSET22
0
2
0
1
PART-1-1
1
35 
0
_PICKEDSET23
0
2
0
1
PART-1-1
1
36 
0
_PICKEDSET24
0
2
0
1
PART-1-1
1
37 
0
_PICKEDSET25
0
2
0
1
PART-1-1
1
38 
0
_PICKEDSET26
0
2
0
1
PART-1-1
1
84 
0
_PICKEDSET27
0
2
0
1
PART-1-1
1
85 
0
_PICKEDSET28
0
2
0
1
PART-1-1
1
86 
0
_PICKEDSET29
0
2
0
1
PART-1-1
1
87 
0
_PICKEDSET30
0
2
0
1
PART-1-1
1
88 
0
_PICKEDSET31
0
2
0
1
PART-1-1
1
89 
0
_PICKEDSET32
0
2
0
1
PART-1-1
1
90 
0
_PICKEDSET33
0
2
0
1
PART-1-1
1
91 
0
_PICKEDSET34
0
2
0
1
PART-1-1
1
92 
0
_PICKEDSET35
0
2
0
1
PART-1-1
1
93 
0
_PICKEDSET36
0
2
0
1
PART-1-1
1
94 
0
_PICKEDSET37
0
2
0
1
PART-1-1
1
95 
0
_PICKEDSET38
0
2
0
1
PART-1-1
1
96 
0
_PICKEDSET39
0
2
0
1
PART-1-1
1
97 
0
_PICKEDSET40
0
2
0
1
PART-1-1
1
98 
0
_PICKEDSET41
0
2
0
1
PART-1-1
1
99 
0
_PICKEDSET42
0
2
0
1
PART-1-1
1
100 
0
_PICKEDSET43
0
2
0
1
PART-1-1
1
101 
0
_PICKEDSET44
0
2
0
1
PART-1-1
1
102 
0
_PICKEDSET45
0
2
0
1
PART-1-1
1
103 
0
_PICKEDSET46
0
2
0
1
PART-1-1
1
104 
0
_PICKEDSET47
0
2
0
1
PART-1-1
1
105 
0
_PICKEDSET48
0
2
0
1
PART-1-1
1
106 
0
_PICKEDSET49
0
2
0
1
PART-1-1
1
107 
0
_PICKEDSET5
0
2
0
1
PART-1-1
1
2 
0
_PICKEDSET50
0
2
0
1
PART-1-1
1
108 
0
_PICKEDSET51
0
2
0
1
PART-1-1
1
109 
0
_PICKEDSET52
0
2
0
1
PART-1-1
1
110 
0
_PICKEDSET53
0
2
0
1
PART-1-1
1
111 
0
_PICKEDSET54
0
2
0
1
PART-1-1
1
112 
0
_PICKEDSET55
0
2
0
1
PART-1-1
1
113 
0
_PICKEDSET56
0
2
0
1
PART-1-1
1
114 
0
_PICKEDSET57
0
2
0
1
PART-1-1
1
115 
0
_PICKEDSET58
0
2
0
1
PART-1-1
1
116 
0
_PICKEDSET59
0
2
0
1
PART-1-1
1
117 
0
_PICKEDSET6
0
2
0
1
PART-1-1
1
2 
0
_PICKEDSET60
0
2
0
1
PART-1-1
1
118 
0
_PICKEDSET61
0
2
0
1
PART-1-1
1
119 
0
_PICKEDSET62
0
2
0
1
PART-1-1
1
120 
0
_PICKEDSET63
0
2
0
1
PART-1-1
1
121 
0
_PICKEDSET64
0
2
0
1
PART-1-1
1
122 
0
_PICKEDSET65
0
2
0
1
PART-1-1
1
123 
0
_PICKEDSET66
0
2
0
1
PART-1-1
1
124 
0
_PICKEDSET67
0
2
0
1
PART-1-1
1
125 
0
_PICKEDSET68
0
2
0
1
PART-1-1
1
126 
0
_PICKEDSET69
0
2
0
1
PART-1-1
1
127 
0
_PICKEDSET7
0
2
0
1
PART-1-1
1
3 
0
_PICKEDSET70
0
2
0
1
PART-1-1
1
128 
0
_PICKEDSET8
0
2
0
1
PART-1-1
1
4 
0
_PICKEDSET9
0
2
0
1
PART-1-1
1
6 
0
1
PART-1-1
1
SET-1
0
1
14
-2147483647
48 1 16 5 0 1 0 -1 -1 926 1 -1879048189 1 926 
0
0
0
0
0
